<?xml version="1.0" encoding="UTF-8"?>
<!-- Generated by org.testng.reporters.JUnitXMLReporter -->
<testsuite ignored="0" hostname="Prafuls-MacBook-Pro.local" failures="0" tests="6" name="Default test" time="3.017" errors="0" timestamp="2021-12-24T20:37:21 IST">
  <testcase classname="APITutorial3.PostDemo" name="validateStatusCode" time="0.006"/>
  <testcase classname="APITutorial3.PostDemo" name="validateStatusLine" time="0.001"/>
  <testcase classname="APITutorial3.PostDemo" name="validateContentHeader" time="0.001"/>
  <testcase classname="APITutorial3.PostDemo" name="validateAllHeaders" time="0.002"/>
  <testcase classname="APITutorial3.PostDemo" name="validateResposeBody" time="0.023"/>
  <testcase classname="APITutorial3.PostDemo" name="validategetResponseBody" time="0.621"/>
</testsuite> <!-- Default test -->
